0 silly argv {
0 silly argv   _: [ 'link' ],
0 silly argv   'force-local': true,
0 silly argv   forceLocal: true,
0 silly argv   lernaVersion: '5.4.0',
0 silly argv   '$0': 'node_modules\\lerna\\cli.js'
0 silly argv }
1 notice cli v5.4.0
2 verbose rootPath C:\Users\RMART735\Desktop\hmi-delivery-site
3 error JSONError: Unexpected token "<" (0x3C) in JSON at position 510 while parsing near "...t-dom\": \"^18.2.0\",\r\n<<<<<<< HEAD\r\n    \"r..." in packages\hmi-web\package.json
3 error
3 error   16 |     "react": "^18.2.0",
3 error   17 |     "react-dom": "^18.2.0",
3 error > 18 | <<<<<<< HEAD
3 error      | ^
3 error   19 |     "react-redux": "^7.2.6",
3 error   20 |     "react-scripts": "5.0.1",
3 error   21 | =======
3 error
3 error     at parseJson (C:\Users\RMART735\Desktop\hmi-delivery-site\node_modules\parse-json\index.js:29:21)
3 error     at parse (C:\Users\RMART735\Desktop\hmi-delivery-site\node_modules\load-json-file\index.js:15:9)
3 error     at module.exports (C:\Users\RMART735\Desktop\hmi-delivery-site\node_modules\load-json-file\index.js:18:47)
